 测试图片共:  1670, 数据库图片: 5355
 自定义resnet50_out764_freeze4 + yolo + normalize
top3 准确率:88.02395209580838 %
 top1 准确率: 87.06586826347305 %

 测试图片共:  1670, 数据库图片: 5355
 自定义resnet50_out764_freeze5 + yolo + normalize
top3 准确率:87.12574850299401 %
 top1 准确率: 86.16766467065868 %

 测试图片共:  1670, 数据库图片: 5355
 自定义resnet50_out854_freeze6 + yolo + normalize
top3 准确率:87.12574850299401 %
 top1 准确率: 86.52694610778443 %


测试图片共:  4796
自定义resnet50_out764_freeze5 + yolo + normalize
top3 准确率:88.76146788990825 %
 top1 准确率: 85.09174311926606 %

 测试图片共:  4796,数据库图片: 5355
  自定义resnet50_out854_freeze6 + yolo + normalize
top3 准确率:91.4095079232694 %
 top1 准确率: 87.90658882402002 %


 ==========         ====

  测试图片共:  1670, 数据库图片: 5355
  自定义effcient_card_out764——freeze1 + yolo + normalize
  top3 准确率:83.11377245508982 %
 top1 准确率: 81.1377245508982 %

 测试图片共:  1670, 数据库图片: 5355
 自定义effcient_card_out854——freeze2 + yolo + normalize
top3 准确率:83.89221556886227 %
 top1 准确率: 82.63473053892216 %

测试图片共:  4796, 数据库图片: 5355
 自定义effcient_card_out854——freeze2 + yolo + normalize
top3 准确率:67.63969974979149 %
 top1 准确率: 59.236864053377815 %